<?xml version="1.0" encoding="UTF-8"?>
<testng-results skipped="0" failed="0" ignored="0" total="1" passed="1">
  <reporter-output>
    <line>
      <![CDATA[Expected Page actiTIME - Login is Displayed]]>
    </line>
    <line>
      <![CDATA[Expected Page actiTIME - Enter Time-Track is Displayed]]>
    </line>
  </reporter-output>
  <suite name="Suite" duration-ms="39737" started-at="2018-04-04T07:33:42Z" finished-at="2018-04-04T07:34:22Z">
    <groups>
    </groups>
    <test name="Test" duration-ms="39737" started-at="2018-04-04T07:33:42Z" finished-at="2018-04-04T07:34:22Z">
      <class name="script.ValidLogin">
        <test-method status="PASS" signature="openApplication()[pri:0, instance:script.ValidLogin@1794d431]" name="openApplication" is-config="true" duration-ms="17006" started-at="2018-04-04T07:33:42Z" finished-at="2018-04-04T07:33:59Z">
          <reporter-output>
          </reporter-output>
        </test-method> <!-- openApplication -->
        <test-method status="PASS" signature="testValidLogin()[pri:0, instance:script.ValidLogin@1794d431]" name="testValidLogin" duration-ms="20467" started-at="2018-04-04T07:33:59Z" finished-at="2018-04-04T07:34:20Z">
          <reporter-output>
            <line>
              <![CDATA[Expected Page actiTIME - Login is Displayed]]>
            </line>
            <line>
              <![CDATA[Expected Page actiTIME - Enter Time-Track is Displayed]]>
            </line>
          </reporter-output>
        </test-method> <!-- testValidLogin -->
        <test-method status="PASS" signature="closeApplication(org.testng.ITestResult)[pri:0, instance:script.ValidLogin@1794d431]" name="closeApplication" is-config="true" duration-ms="2107" started-at="2018-04-04T07:34:20Z" finished-at="2018-04-04T07:34:22Z">
          <params>
            <param index="0">
              <value>
                <![CDATA[[TestResult name=testValidLogin status=SUCCESS method=ValidLogin.testValidLogin()[pri:0, instance:script.ValidLogin@1794d431] output=Expected Page actiTIME - Login is Displayed]]]>
              </value>
            </param>
          </params>
          <reporter-output>
          </reporter-output>
        </test-method> <!-- closeApplication -->
      </class> <!-- script.ValidLogin -->
    </test> <!-- Test -->
  </suite> <!-- Suite -->
</testng-results>
